2023-08-04 21:13:50,507 [Worker-2: Loading available Gradle versions] INFO  o.e.b.c.i.u.g.PublishedGradleVersions - Gradle version information cache is up-to-date. Trying to read.
2023-08-04 22:08:46,667 [Worker-20: Enabling Maven Dependency Management] INFO  o.e.m.c.i.l.LifecycleMappingFactory - Using org.eclipse.m2e.jdt.JarLifecycleMapping lifecycle mapping for MavenProject: SeleniumProjectPro:SeleniumProjectPro:0.0.1-SNAPSHOT @ C:\Users\ankur\eclipse-workspace\New\SeleniumProjectPro\pom.xml.
2023-08-04 22:08:48,110 [Worker-8: Building] WARN  o.e.m.c.i.embedder.EclipseLogger - Using platform encoding (Cp1252 actually) to copy filtered resources, i.e. build is platform dependent!
2023-08-04 22:08:48,111 [Worker-8: Building] INFO  o.e.m.c.i.embedder.EclipseLogger - skip non existing resourceDirectory C:\Users\ankur\eclipse-workspace\New\SeleniumProjectPro\src\main\resources
2023-08-04 22:08:48,114 [Worker-8: Building] WARN  o.e.m.c.i.embedder.EclipseLogger - Using platform encoding (Cp1252 actually) to copy filtered resources, i.e. build is platform dependent!
2023-08-04 22:08:48,115 [Worker-8: Building] INFO  o.e.m.c.i.embedder.EclipseLogger - skip non existing resourceDirectory C:\Users\ankur\eclipse-workspace\New\SeleniumProjectPro\src\test\resources
2023-08-04 22:08:48,121 [Worker-20: Enabling Maven Dependency Management] INFO  o.e.m.j.i.AbstractJavaProjectConfigurator - Adding source folder /SeleniumProjectPro/src
2023-08-04 22:08:48,122 [Worker-20: Enabling Maven Dependency Management] INFO  o.e.m.j.i.AbstractJavaProjectConfigurator - Not adding source folder /SeleniumProjectPro/src/test/java because it overlaps with /SeleniumProjectPro/src
2023-08-04 22:08:48,257 [Worker-20: Enabling Maven Dependency Management] INFO  o.e.m.c.i.p.ProjectConfigurationManager - Update started
2023-08-04 22:08:48,641 [Worker-20: Enabling Maven Dependency Management] INFO  o.e.m.c.i.l.LifecycleMappingFactory - Using org.eclipse.m2e.jdt.JarLifecycleMapping lifecycle mapping for MavenProject: SeleniumProjectPro:SeleniumProjectPro:0.0.1-SNAPSHOT @ C:\Users\ankur\eclipse-workspace\New\SeleniumProjectPro\pom.xml.
2023-08-04 22:08:48,833 [Worker-20: Enabling Maven Dependency Management] INFO  o.e.m.j.i.AbstractJavaProjectConfigurator - Adding source folder /SeleniumProjectPro/src
2023-08-04 22:08:48,834 [Worker-20: Enabling Maven Dependency Management] INFO  o.e.m.j.i.AbstractJavaProjectConfigurator - Not adding source folder /SeleniumProjectPro/src/test/java because it overlaps with /SeleniumProjectPro/src
2023-08-04 22:08:48,899 [Worker-20: Enabling Maven Dependency Management] INFO  o.e.m.c.i.p.ProjectConfigurationManager - Update completed: 0 sec
2023-08-04 22:08:49,159 [Worker-26: Building] WARN  o.e.m.c.i.embedder.EclipseLogger - Using platform encoding (Cp1252 actually) to copy filtered resources, i.e. build is platform dependent!
2023-08-04 22:08:49,161 [Worker-26: Building] INFO  o.e.m.c.i.embedder.EclipseLogger - skip non existing resourceDirectory C:\Users\ankur\eclipse-workspace\New\SeleniumProjectPro\src\main\resources
2023-08-04 22:08:49,164 [Worker-26: Building] WARN  o.e.m.c.i.embedder.EclipseLogger - Using platform encoding (Cp1252 actually) to copy filtered resources, i.e. build is platform dependent!
2023-08-04 22:08:49,166 [Worker-26: Building] INFO  o.e.m.c.i.embedder.EclipseLogger - skip non existing resourceDirectory C:\Users\ankur\eclipse-workspace\New\SeleniumProjectPro\src\test\resources
2023-08-04 22:10:40,634 [Worker-20: Building] INFO  o.e.m.c.i.l.LifecycleMappingFactory - Using org.eclipse.m2e.jdt.JarLifecycleMapping lifecycle mapping for MavenProject: SeleniumProjectPro:SeleniumProjectPro:0.0.1-SNAPSHOT @ C:\Users\ankur\eclipse-workspace\New\SeleniumProjectPro\pom.xml.
2023-08-04 22:10:44,552 [Worker-20: Building] WARN  o.e.m.c.i.embedder.EclipseLogger - Using platform encoding (Cp1252 actually) to copy filtered resources, i.e. build is platform dependent!
2023-08-04 22:10:44,555 [Worker-20: Building] INFO  o.e.m.c.i.embedder.EclipseLogger - skip non existing resourceDirectory C:\Users\ankur\eclipse-workspace\New\SeleniumProjectPro\src\main\resources
2023-08-04 22:10:44,558 [Worker-20: Building] WARN  o.e.m.c.i.embedder.EclipseLogger - Using platform encoding (Cp1252 actually) to copy filtered resources, i.e. build is platform dependent!
2023-08-04 22:10:44,559 [Worker-20: Building] INFO  o.e.m.c.i.embedder.EclipseLogger - skip non existing resourceDirectory C:\Users\ankur\eclipse-workspace\New\SeleniumProjectPro\src\test\resources
2023-08-04 22:10:46,245 [Worker-20: Building] WARN  o.e.m.c.i.embedder.EclipseLogger - Using platform encoding (Cp1252 actually) to copy filtered resources, i.e. build is platform dependent!
2023-08-04 22:10:46,247 [Worker-20: Building] INFO  o.e.m.c.i.embedder.EclipseLogger - skip non existing resourceDirectory C:\Users\ankur\eclipse-workspace\New\SeleniumProjectPro\src\main\resources
2023-08-04 22:10:46,249 [Worker-20: Building] WARN  o.e.m.c.i.embedder.EclipseLogger - Using platform encoding (Cp1252 actually) to copy filtered resources, i.e. build is platform dependent!
2023-08-04 22:10:46,251 [Worker-20: Building] INFO  o.e.m.c.i.embedder.EclipseLogger - skip non existing resourceDirectory C:\Users\ankur\eclipse-workspace\New\SeleniumProjectPro\src\test\resources
2023-08-04 22:11:21,681 [Worker-27: Building] INFO  o.e.m.c.i.l.LifecycleMappingFactory - Using org.eclipse.m2e.jdt.JarLifecycleMapping lifecycle mapping for MavenProject: SeleniumProjectPro:SeleniumProjectPro:0.0.1-SNAPSHOT @ C:\Users\ankur\eclipse-workspace\New\SeleniumProjectPro\pom.xml.
2023-08-04 22:11:22,157 [Worker-27: Building] WARN  o.e.m.c.i.embedder.EclipseLogger - Using platform encoding (Cp1252 actually) to copy filtered resources, i.e. build is platform dependent!
2023-08-04 22:11:22,159 [Worker-27: Building] INFO  o.e.m.c.i.embedder.EclipseLogger - skip non existing resourceDirectory C:\Users\ankur\eclipse-workspace\New\SeleniumProjectPro\src\main\resources
2023-08-04 22:11:22,163 [Worker-27: Building] WARN  o.e.m.c.i.embedder.EclipseLogger - Using platform encoding (Cp1252 actually) to copy filtered resources, i.e. build is platform dependent!
2023-08-04 22:11:22,165 [Worker-27: Building] INFO  o.e.m.c.i.embedder.EclipseLogger - skip non existing resourceDirectory C:\Users\ankur\eclipse-workspace\New\SeleniumProjectPro\src\test\resources
2023-08-04 22:11:23,488 [Worker-20: Building] WARN  o.e.m.c.i.embedder.EclipseLogger - Using platform encoding (Cp1252 actually) to copy filtered resources, i.e. build is platform dependent!
2023-08-04 22:11:23,490 [Worker-20: Building] INFO  o.e.m.c.i.embedder.EclipseLogger - skip non existing resourceDirectory C:\Users\ankur\eclipse-workspace\New\SeleniumProjectPro\src\main\resources
2023-08-04 22:11:23,492 [Worker-20: Building] WARN  o.e.m.c.i.embedder.EclipseLogger - Using platform encoding (Cp1252 actually) to copy filtered resources, i.e. build is platform dependent!
2023-08-04 22:11:23,494 [Worker-20: Building] INFO  o.e.m.c.i.embedder.EclipseLogger - skip non existing resourceDirectory C:\Users\ankur\eclipse-workspace\New\SeleniumProjectPro\src\test\resources
2023-08-04 22:12:17,547 [Worker-20: Building] WARN  o.e.m.c.i.embedder.EclipseLogger - Using platform encoding (Cp1252 actually) to copy filtered resources, i.e. build is platform dependent!
2023-08-04 22:12:17,551 [Worker-20: Building] INFO  o.e.m.c.i.embedder.EclipseLogger - skip non existing resourceDirectory C:\Users\ankur\eclipse-workspace\New\SeleniumProjectPro\src\main\resources
2023-08-04 22:12:17,555 [Worker-20: Building] WARN  o.e.m.c.i.embedder.EclipseLogger - Using platform encoding (Cp1252 actually) to copy filtered resources, i.e. build is platform dependent!
2023-08-04 22:12:17,559 [Worker-20: Building] INFO  o.e.m.c.i.embedder.EclipseLogger - skip non existing resourceDirectory C:\Users\ankur\eclipse-workspace\New\SeleniumProjectPro\src\test\resources
2023-08-04 22:17:48,219 [Worker-25: Building] INFO  o.e.m.c.i.l.LifecycleMappingFactory - Using org.eclipse.m2e.jdt.JarLifecycleMapping lifecycle mapping for MavenProject: SeleniumProjectPro:SeleniumProjectPro:0.0.1-SNAPSHOT @ C:\Users\ankur\eclipse-workspace\New\SeleniumProjectPro\pom.xml.
2023-08-04 22:17:49,301 [Worker-25: Building] WARN  o.e.m.c.i.embedder.EclipseLogger - Using platform encoding (Cp1252 actually) to copy filtered resources, i.e. build is platform dependent!
2023-08-04 22:17:49,302 [Worker-25: Building] INFO  o.e.m.c.i.embedder.EclipseLogger - skip non existing resourceDirectory C:\Users\ankur\eclipse-workspace\New\SeleniumProjectPro\src\main\resources
2023-08-04 22:17:49,305 [Worker-25: Building] WARN  o.e.m.c.i.embedder.EclipseLogger - Using platform encoding (Cp1252 actually) to copy filtered resources, i.e. build is platform dependent!
2023-08-04 22:17:49,306 [Worker-25: Building] INFO  o.e.m.c.i.embedder.EclipseLogger - skip non existing resourceDirectory C:\Users\ankur\eclipse-workspace\New\SeleniumProjectPro\src\test\resources
2023-08-04 22:17:50,917 [Worker-28: Building] WARN  o.e.m.c.i.embedder.EclipseLogger - Using platform encoding (Cp1252 actually) to copy filtered resources, i.e. build is platform dependent!
2023-08-04 22:17:50,919 [Worker-28: Building] INFO  o.e.m.c.i.embedder.EclipseLogger - skip non existing resourceDirectory C:\Users\ankur\eclipse-workspace\New\SeleniumProjectPro\src\main\resources
2023-08-04 22:17:50,921 [Worker-28: Building] WARN  o.e.m.c.i.embedder.EclipseLogger - Using platform encoding (Cp1252 actually) to copy filtered resources, i.e. build is platform dependent!
2023-08-04 22:17:50,923 [Worker-28: Building] INFO  o.e.m.c.i.embedder.EclipseLogger - skip non existing resourceDirectory C:\Users\ankur\eclipse-workspace\New\SeleniumProjectPro\src\test\resources
2023-08-04 22:18:08,749 [Worker-25: Building] WARN  o.e.m.c.i.embedder.EclipseLogger - Using platform encoding (Cp1252 actually) to copy filtered resources, i.e. build is platform dependent!
2023-08-04 22:18:08,750 [Worker-25: Building] INFO  o.e.m.c.i.embedder.EclipseLogger - skip non existing resourceDirectory C:\Users\ankur\eclipse-workspace\New\SeleniumProjectPro\src\main\resources
2023-08-04 22:18:08,752 [Worker-25: Building] WARN  o.e.m.c.i.embedder.EclipseLogger - Using platform encoding (Cp1252 actually) to copy filtered resources, i.e. build is platform dependent!
2023-08-04 22:18:08,754 [Worker-25: Building] INFO  o.e.m.c.i.embedder.EclipseLogger - skip non existing resourceDirectory C:\Users\ankur\eclipse-workspace\New\SeleniumProjectPro\src\test\resources
2023-08-04 23:16:21,192 [Worker-4: Loading available Gradle versions] INFO  o.e.b.c.i.u.g.PublishedGradleVersions - Gradle version information cache is up-to-date. Trying to read.
2023-08-04 23:22:36,242 [Worker-22: Building] INFO  o.e.m.c.i.l.LifecycleMappingFactory - Using org.eclipse.m2e.jdt.JarLifecycleMapping lifecycle mapping for MavenProject: SeleniumProjectPro:SeleniumProjectPro:0.0.1-SNAPSHOT @ C:\Users\ankur\eclipse-workspace\New\SeleniumProjectPro\pom.xml.
2023-08-04 23:22:37,668 [Worker-22: Building] WARN  o.e.m.c.i.embedder.EclipseLogger - Using platform encoding (Cp1252 actually) to copy filtered resources, i.e. build is platform dependent!
2023-08-04 23:22:37,670 [Worker-22: Building] INFO  o.e.m.c.i.embedder.EclipseLogger - skip non existing resourceDirectory C:\Users\ankur\eclipse-workspace\New\SeleniumProjectPro\src\main\resources
2023-08-04 23:22:37,673 [Worker-22: Building] WARN  o.e.m.c.i.embedder.EclipseLogger - Using platform encoding (Cp1252 actually) to copy filtered resources, i.e. build is platform dependent!
2023-08-04 23:22:37,674 [Worker-22: Building] INFO  o.e.m.c.i.embedder.EclipseLogger - skip non existing resourceDirectory C:\Users\ankur\eclipse-workspace\New\SeleniumProjectPro\src\test\resources
2023-08-04 23:22:39,151 [Worker-23: Download sources and javadoc] INFO  o.e.m.c.i.e.AbstractTransferListenerAdapter - Downloading https://repo.maven.apache.org/maven2/io/github/bonigarcia/webdrivermanager/5.3.2/webdrivermanager-5.3.2-sources.jar
2023-08-04 23:22:39,239 [Worker-24: Building] WARN  o.e.m.c.i.embedder.EclipseLogger - Using platform encoding (Cp1252 actually) to copy filtered resources, i.e. build is platform dependent!
2023-08-04 23:22:39,241 [Worker-24: Building] INFO  o.e.m.c.i.embedder.EclipseLogger - skip non existing resourceDirectory C:\Users\ankur\eclipse-workspace\New\SeleniumProjectPro\src\main\resources
2023-08-04 23:22:39,243 [Worker-24: Building] WARN  o.e.m.c.i.embedder.EclipseLogger - Using platform encoding (Cp1252 actually) to copy filtered resources, i.e. build is platform dependent!
2023-08-04 23:22:39,245 [Worker-24: Building] INFO  o.e.m.c.i.embedder.EclipseLogger - skip non existing resourceDirectory C:\Users\ankur\eclipse-workspace\New\SeleniumProjectPro\src\test\resources
2023-08-04 23:22:44,071 [Worker-22: Building] WARN  o.e.m.c.i.embedder.EclipseLogger - Using platform encoding (Cp1252 actually) to copy filtered resources, i.e. build is platform dependent!
2023-08-04 23:22:44,073 [Worker-22: Building] INFO  o.e.m.c.i.embedder.EclipseLogger - skip non existing resourceDirectory C:\Users\ankur\eclipse-workspace\New\SeleniumProjectPro\src\main\resources
2023-08-04 23:22:44,075 [Worker-22: Building] WARN  o.e.m.c.i.embedder.EclipseLogger - Using platform encoding (Cp1252 actually) to copy filtered resources, i.e. build is platform dependent!
2023-08-04 23:22:44,077 [Worker-22: Building] INFO  o.e.m.c.i.embedder.EclipseLogger - skip non existing resourceDirectory C:\Users\ankur\eclipse-workspace\New\SeleniumProjectPro\src\test\resources
2023-08-04 23:22:49,474 [Worker-23: Download sources and javadoc] INFO  o.e.m.c.i.e.AbstractTransferListenerAdapter - Downloaded https://repo.maven.apache.org/maven2/io/github/bonigarcia/webdrivermanager/5.3.2/webdrivermanager-5.3.2-sources.jar
2023-08-04 23:22:49,744 [Worker-23: Download sources and javadoc] INFO  o.e.m.j.internal.DownloadSourcesJob - Downloaded sources for io.github.bonigarcia:webdrivermanager:5.3.2
2023-08-04 23:22:50,077 [Worker-23: Download sources and javadoc] INFO  o.e.m.c.i.e.AbstractTransferListenerAdapter - Downloading https://repo.maven.apache.org/maven2/com/github/docker-java/docker-java/3.2.14/docker-java-3.2.14-sources.jar
2023-08-04 23:22:50,293 [Worker-23: Download sources and javadoc] INFO  o.e.m.c.i.e.AbstractTransferListenerAdapter - Downloaded https://repo.maven.apache.org/maven2/com/github/docker-java/docker-java/3.2.14/docker-java-3.2.14-sources.jar
2023-08-04 23:22:50,591 [Worker-23: Download sources and javadoc] INFO  o.e.m.j.internal.DownloadSourcesJob - Downloaded sources for com.github.docker-java:docker-java:3.2.14
2023-08-04 23:22:50,874 [Worker-23: Download sources and javadoc] INFO  o.e.m.c.i.e.AbstractTransferListenerAdapter - Downloading https://repo.maven.apache.org/maven2/com/github/docker-java/docker-java-core/3.2.14/docker-java-core-3.2.14-sources.jar
2023-08-04 23:22:51,501 [Worker-23: Download sources and javadoc] INFO  o.e.m.c.i.e.AbstractTransferListenerAdapter - Downloaded https://repo.maven.apache.org/maven2/com/github/docker-java/docker-java-core/3.2.14/docker-java-core-3.2.14-sources.jar
2023-08-04 23:22:51,652 [Worker-23: Download sources and javadoc] INFO  o.e.m.j.internal.DownloadSourcesJob - Downloaded sources for com.github.docker-java:docker-java-core:3.2.14
2023-08-04 23:22:51,725 [Worker-23: Download sources and javadoc] INFO  o.e.m.c.i.e.AbstractTransferListenerAdapter - Downloading https://repo.maven.apache.org/maven2/com/github/docker-java/docker-java-api/3.2.14/docker-java-api-3.2.14-sources.jar
2023-08-04 23:22:51,893 [Worker-23: Download sources and javadoc] INFO  o.e.m.c.i.e.AbstractTransferListenerAdapter - Downloaded https://repo.maven.apache.org/maven2/com/github/docker-java/docker-java-api/3.2.14/docker-java-api-3.2.14-sources.jar
2023-08-04 23:22:52,060 [Worker-23: Download sources and javadoc] INFO  o.e.m.j.internal.DownloadSourcesJob - Downloaded sources for com.github.docker-java:docker-java-api:3.2.14
2023-08-04 23:22:52,171 [Worker-23: Download sources and javadoc] INFO  o.e.m.c.i.e.AbstractTransferListenerAdapter - Downloading https://repo.maven.apache.org/maven2/com/github/docker-java/docker-java-transport-httpclient5/3.2.14/docker-java-transport-httpclient5-3.2.14-sources.jar
2023-08-04 23:22:53,158 [Worker-23: Download sources and javadoc] INFO  o.e.m.c.i.e.AbstractTransferListenerAdapter - Downloaded https://repo.maven.apache.org/maven2/com/github/docker-java/docker-java-transport-httpclient5/3.2.14/docker-java-transport-httpclient5-3.2.14-sources.jar
2023-08-04 23:22:53,262 [Worker-23: Download sources and javadoc] INFO  o.e.m.j.internal.DownloadSourcesJob - Downloaded sources for com.github.docker-java:docker-java-transport-httpclient5:3.2.14
2023-08-04 23:22:53,301 [Worker-23: Download sources and javadoc] INFO  o.e.m.c.i.e.AbstractTransferListenerAdapter - Downloading https://repo.maven.apache.org/maven2/com/github/docker-java/docker-java-transport/3.2.14/docker-java-transport-3.2.14-sources.jar
2023-08-04 23:22:53,516 [Worker-23: Download sources and javadoc] INFO  o.e.m.c.i.e.AbstractTransferListenerAdapter - Downloaded https://repo.maven.apache.org/maven2/com/github/docker-java/docker-java-transport/3.2.14/docker-java-transport-3.2.14-sources.jar
2023-08-04 23:22:53,750 [Worker-23: Download sources and javadoc] INFO  o.e.m.j.internal.DownloadSourcesJob - Downloaded sources for com.github.docker-java:docker-java-transport:3.2.14
2023-08-04 23:22:54,212 [Worker-22: Building] WARN  o.e.m.c.i.embedder.EclipseLogger - Using platform encoding (Cp1252 actually) to copy filtered resources, i.e. build is platform dependent!
2023-08-04 23:22:54,216 [Worker-22: Building] INFO  o.e.m.c.i.embedder.EclipseLogger - skip non existing resourceDirectory C:\Users\ankur\eclipse-workspace\New\SeleniumProjectPro\src\main\resources
2023-08-04 23:22:54,220 [Worker-22: Building] WARN  o.e.m.c.i.embedder.EclipseLogger - Using platform encoding (Cp1252 actually) to copy filtered resources, i.e. build is platform dependent!
2023-08-04 23:22:54,224 [Worker-22: Building] INFO  o.e.m.c.i.embedder.EclipseLogger - skip non existing resourceDirectory C:\Users\ankur\eclipse-workspace\New\SeleniumProjectPro\src\test\resources
2023-08-04 23:23:19,527 [Worker-25: Building] WARN  o.e.m.c.i.embedder.EclipseLogger - Using platform encoding (Cp1252 actually) to copy filtered resources, i.e. build is platform dependent!
2023-08-04 23:23:19,529 [Worker-25: Building] INFO  o.e.m.c.i.embedder.EclipseLogger - skip non existing resourceDirectory C:\Users\ankur\eclipse-workspace\New\SeleniumProjectPro\src\main\resources
2023-08-04 23:23:19,531 [Worker-25: Building] WARN  o.e.m.c.i.embedder.EclipseLogger - Using platform encoding (Cp1252 actually) to copy filtered resources, i.e. build is platform dependent!
2023-08-04 23:23:19,533 [Worker-25: Building] INFO  o.e.m.c.i.embedder.EclipseLogger - skip non existing resourceDirectory C:\Users\ankur\eclipse-workspace\New\SeleniumProjectPro\src\test\resources
2023-08-04 23:27:50,680 [Worker-22: Building] WARN  o.e.m.c.i.embedder.EclipseLogger - Using platform encoding (Cp1252 actually) to copy filtered resources, i.e. build is platform dependent!
2023-08-04 23:27:50,682 [Worker-22: Building] INFO  o.e.m.c.i.embedder.EclipseLogger - skip non existing resourceDirectory C:\Users\ankur\eclipse-workspace\New\SeleniumProjectPro\src\main\resources
2023-08-04 23:27:50,684 [Worker-22: Building] WARN  o.e.m.c.i.embedder.EclipseLogger - Using platform encoding (Cp1252 actually) to copy filtered resources, i.e. build is platform dependent!
2023-08-04 23:27:50,686 [Worker-22: Building] INFO  o.e.m.c.i.embedder.EclipseLogger - skip non existing resourceDirectory C:\Users\ankur\eclipse-workspace\New\SeleniumProjectPro\src\test\resources
2023-08-04 23:28:17,748 [Worker-26: Building] WARN  o.e.m.c.i.embedder.EclipseLogger - Using platform encoding (Cp1252 actually) to copy filtered resources, i.e. build is platform dependent!
2023-08-04 23:28:17,750 [Worker-26: Building] INFO  o.e.m.c.i.embedder.EclipseLogger - skip non existing resourceDirectory C:\Users\ankur\eclipse-workspace\New\SeleniumProjectPro\src\main\resources
2023-08-04 23:28:17,752 [Worker-26: Building] WARN  o.e.m.c.i.embedder.EclipseLogger - Using platform encoding (Cp1252 actually) to copy filtered resources, i.e. build is platform dependent!
2023-08-04 23:28:17,754 [Worker-26: Building] INFO  o.e.m.c.i.embedder.EclipseLogger - skip non existing resourceDirectory C:\Users\ankur\eclipse-workspace\New\SeleniumProjectPro\src\test\resources
